Info: Start Nativelink Simulation process

========= EDA Simulation Settings =====================

Sim Mode              :  Gate
Family                :  cyclonev
Quartus root          :  c:/intelfpga_lite/18.1/quartus/bin64/
Quartus sim root      :  c:/intelfpga_lite/18.1/quartus/eda/sim_lib
Simulation Tool       :  modelsim-altera
Simulation Language   :  vhdl
Version               :  93
Simulation Mode       :  GUI
Sim Output File       :  de10_vga_ball.vho
Sim SDF file          :  de10_vga_ball__vhdl.sdo
Sim dir               :  simulation\modelsim

=======================================================

Info: Starting NativeLink simulation with ModelSim-Altera software
Sourced NativeLink script c:/intelfpga_lite/18.1/quartus/common/tcl/internal/nativelink/modelsim.tcl
Warning: File de10_vga_ball_run_msim_gate_vhdl.do already exists - backing up current file as de10_vga_ball_run_msim_gate_vhdl.do.bak1
Probing transcript
ModelSim-Altera Info: # Reading C:/intelFPGA/18.1/modelsim_ase/tcl/vsim/pref.tcl
ModelSim-Altera Info: # do de10_vga_ball_run_msim_gate_vhdl.do
ModelSim-Altera Info: # if {[file exists gate_work]} {
ModelSim-Altera Info: # 	vdel -lib gate_work -all
ModelSim-Altera Info: # }
ModelSim-Altera Info: # vlib gate_work
ModelSim-Altera Info: # vmap work gate_work
ModelSim-Altera Info: # Model Technology ModelSim - Intel FPGA Edition vmap 10.5b Lib Mapping Utility 2016.10 Oct  5 2016
ModelSim-Altera Info: # vmap work gate_work 
ModelSim-Altera Info: # Copying C:/intelFPGA/18.1/modelsim_ase/win32aloem/../modelsim.ini to modelsim.ini
ModelSim-Altera Info: # Modifying modelsim.ini
ModelSim-Altera Info: # 
ModelSim-Altera Info: # vcom -93 -work work {de10_vga_ball.vho}
ModelSim-Altera Info: # Model Technology ModelSim - Intel FPGA Edition vcom 10.5b Compiler 2016.10 Oct  5 2016
ModelSim-Altera Info: # Start time: 12:23:15 on Apr 10,2022
ModelSim-Altera Info: # vcom -reportprogress 300 -93 -work work de10_vga_ball.vho 
ModelSim-Altera Info: # -- Loading package STANDARD
ModelSim-Altera Info: # -- Loading package TEXTIO
ModelSim-Altera Info: # -- Loading package std_logic_1164
ModelSim-Altera Info: # -- Loading package VITAL_Timing
ModelSim-Altera Info: # -- Loading package VITAL_Primitives
ModelSim-Altera Info: # -- Loading package dffeas_pack
ModelSim-Altera Info: # -- Loading package altera_primitives_components
ModelSim-Altera Info: # -- Loading package altera_lnsim_components
ModelSim-Altera Info: # -- Loading package cyclonev_atom_pack
ModelSim-Altera Info: # -- Loading package cyclonev_components
ModelSim-Altera Info: # -- Compiling entity de10_vga_ball
ModelSim-Altera Info: # -- Compiling architecture structure of de10_vga_ball
ModelSim-Altera Info: # ** Error (suppressible): de10_vga_ball.vho(37565): (vcom-1141) Identifier "cyclonev_hps_sdram_pll" does not identify a component declaration.
ModelSim-Altera Error: # ** Error: de10_vga_ball.vho(37581): (vcom-1484) Unknown formal identifier "upndnout_mode".
ModelSim-Altera Error: # ** Error: de10_vga_ball.vho(37581): (vcom-1484) Unknown formal identifier "upndnout_mode".
ModelSim-Altera Info: # ** Error (suppressible): de10_vga_ball.vho(37616): (vcom-1141) Identifier "cyclonev_hmc" does not identify a component declaration.
ModelSim-Altera Info: # ** Error (suppressible): de10_vga_ball.vho(38100): (vcom-1141) Identifier "cyclonev_read_fifo_read_clock_select" does not identify a component declaration.
ModelSim-Altera Info: # ** Error (suppressible): de10_vga_ball.vho(38203): (vcom-1141) Identifier "cyclonev_read_fifo_read_clock_select" does not identify a component declaration.
ModelSim-Altera Info: # ** Error (suppressible): de10_vga_ball.vho(38293): (vcom-1141) Identifier "cyclonev_read_fifo_read_clock_select" does not identify a component declaration.
ModelSim-Altera Info: # ** Error (suppressible): de10_vga_ball.vho(38383): (vcom-1141) Identifier "cyclonev_read_fifo_read_clock_select" does not identify a component declaration.
ModelSim-Altera Info: # ** Error (suppressible): de10_vga_ball.vho(38473): (vcom-1141) Identifier "cyclonev_read_fifo_read_clock_select" does not identify a component declaration.
ModelSim-Altera Info: # ** Error (suppressible): de10_vga_ball.vho(38563): (vcom-1141) Identifier "cyclonev_read_fifo_read_clock_select" does not identify a component declaration.
ModelSim-Altera Info: # ** Error (suppressible): de10_vga_ball.vho(38653): (vcom-1141) Identifier "cyclonev_read_fifo_read_clock_select" does not identify a component declaration.
ModelSim-Altera Info: # ** Error (suppressible): de10_vga_ball.vho(38743): (vcom-1141) Identifier "cyclonev_read_fifo_read_clock_select" does not identify a component declaration.
ModelSim-Altera Info: # ** Error (suppressible): de10_vga_ball.vho(38861): (vcom-1141) Identifier "cyclonev_read_fifo_read_clock_select" does not identify a component declaration.
ModelSim-Altera Info: # ** Error (suppressible): de10_vga_ball.vho(38964): (vcom-1141) Identifier "cyclonev_read_fifo_read_clock_select" does not identify a component declaration.
ModelSim-Altera Info: # ** Error (suppressible): de10_vga_ball.vho(39054): (vcom-1141) Identifier "cyclonev_read_fifo_read_clock_select" does not identify a component declaration.
ModelSim-Altera Info: # ** Error (suppressible): de10_vga_ball.vho(39144): (vcom-1141) Identifier "cyclonev_read_fifo_read_clock_select" does not identify a component declaration.
ModelSim-Altera Info: # ** Error (suppressible): de10_vga_ball.vho(39234): (vcom-1141) Identifier "cyclonev_read_fifo_read_clock_select" does not identify a component declaration.
ModelSim-Altera Info: # ** Error (suppressible): de10_vga_ball.vho(39324): (vcom-1141) Identifier "cyclonev_read_fifo_read_clock_select" does not identify a component declaration.
ModelSim-Altera Info: # ** Error (suppressible): de10_vga_ball.vho(39414): (vcom-1141) Identifier "cyclonev_read_fifo_read_clock_select" does not identify a component declaration.
ModelSim-Altera Info: # ** Error (suppressible): de10_vga_ball.vho(39504): (vcom-1141) Identifier "cyclonev_read_fifo_read_clock_select" does not identify a component declaration.
ModelSim-Altera Info: # ** Error (suppressible): de10_vga_ball.vho(39647): (vcom-1141) Identifier "cyclonev_read_fifo_read_clock_select" does not identify a component declaration.
ModelSim-Altera Info: # ** Error (suppressible): de10_vga_ball.vho(39750): (vcom-1141) Identifier "cyclonev_read_fifo_read_clock_select" does not identify a component declaration.
ModelSim-Altera Info: # ** Error (suppressible): de10_vga_ball.vho(39840): (vcom-1141) Identifier "cyclonev_read_fifo_read_clock_select" does not identify a component declaration.
ModelSim-Altera Info: # ** Error (suppressible): de10_vga_ball.vho(39930): (vcom-1141) Identifier "cyclonev_read_fifo_read_clock_select" does not identify a component declaration.
ModelSim-Altera Info: # ** Error (suppressible): de10_vga_ball.vho(40020): (vcom-1141) Identifier "cyclonev_read_fifo_read_clock_select" does not identify a component declaration.
ModelSim-Altera Info: # ** Error (suppressible): de10_vga_ball.vho(40110): (vcom-1141) Identifier "cyclonev_read_fifo_read_clock_select" does not identify a component declaration.
ModelSim-Altera Info: # ** Error (suppressible): de10_vga_ball.vho(40200): (vcom-1141) Identifier "cyclonev_read_fifo_read_clock_select" does not identify a component declaration.
ModelSim-Altera Info: # ** Error (suppressible): de10_vga_ball.vho(40290): (vcom-1141) Identifier "cyclonev_read_fifo_read_clock_select" does not identify a component declaration.
ModelSim-Altera Info: # ** Error (suppressible): de10_vga_ball.vho(40408): (vcom-1141) Identifier "cyclonev_read_fifo_read_clock_select" does not identify a component declaration.
ModelSim-Altera Info: # ** Error (suppressible): de10_vga_ball.vho(40511): (vcom-1141) Identifier "cyclonev_read_fifo_read_clock_select" does not identify a component declaration.
ModelSim-Altera Info: # ** Error (suppressible): de10_vga_ball.vho(40601): (vcom-1141) Identifier "cyclonev_read_fifo_read_clock_select" does not identify a component declaration.
ModelSim-Altera Info: # ** Error (suppressible): de10_vga_ball.vho(40691): (vcom-1141) Identifier "cyclonev_read_fifo_read_clock_select" does not identify a component declaration.
ModelSim-Altera Info: # ** Error (suppressible): de10_vga_ball.vho(40781): (vcom-1141) Identifier "cyclonev_read_fifo_read_clock_select" does not identify a component declaration.
ModelSim-Altera Info: # ** Error (suppressible): de10_vga_ball.vho(40871): (vcom-1141) Identifier "cyclonev_read_fifo_read_clock_select" does not identify a component declaration.
ModelSim-Altera Info: # ** Error (suppressible): de10_vga_ball.vho(40961): (vcom-1141) Identifier "cyclonev_read_fifo_read_clock_select" does not identify a component declaration.
ModelSim-Altera Info: # ** Error (suppressible): de10_vga_ball.vho(41051): (vcom-1141) Identifier "cyclonev_read_fifo_read_clock_select" does not identify a component declaration.
ModelSim-Altera Error: # ** Error: de10_vga_ball.vho(41137): (vcom-1484) Unknown formal identifier "m_hphy_ac_rom_content".
ModelSim-Altera Error: # ** Error: de10_vga_ball.vho(41139): (vcom-1484) Unknown formal identifier "m_hphy_inst_rom_content".
ModelSim-Altera Error: # ** Error: de10_vga_ball.vho(41137): (vcom-1484) Unknown formal identifier "m_hphy_ac_rom_content".
ModelSim-Altera Error: # ** Error: de10_vga_ball.vho(41139): (vcom-1484) Unknown formal identifier "m_hphy_inst_rom_content".
ModelSim-Altera Info: # ** Error (suppressible): de10_vga_ball.vho(41280): (vcom-1141) Identifier "cyclonev_lfifo" does not identify a component declaration.
ModelSim-Altera Info: # ** Error (suppressible): de10_vga_ball.vho(41335): (vcom-1141) Identifier "cyclonev_lfifo" does not identify a component declaration.
ModelSim-Altera Info: # ** Error (suppressible): de10_vga_ball.vho(41390): (vcom-1141) Identifier "cyclonev_lfifo" does not identify a component declaration.
ModelSim-Altera Info: # ** Error (suppressible): de10_vga_ball.vho(41445): (vcom-1141) Identifier "cyclonev_lfifo" does not identify a component declaration.
ModelSim-Altera Info: # ** Error (suppressible): de10_vga_ball.vho(41520): (vcom-1141) Identifier "cyclonev_vfifo" does not identify a component declaration.
ModelSim-Altera Error: # ** Error: de10_vga_ball.vho(41550): (vcom-1484) Unknown formal identifier "delay_dqs_enable".
ModelSim-Altera Error: # ** Error: de10_vga_ball.vho(41550): (vcom-1484) Unknown formal identifier "delay_dqs_enable".
ModelSim-Altera Error: # ** Error: de10_vga_ball.vho(41592): (vcom-1484) Unknown formal identifier "dqs_delay_chain_bypass".
ModelSim-Altera Error: # ** Error: de10_vga_ball.vho(41593): (vcom-1484) Unknown formal identifier "dqs_delay_chain_test_mode".
ModelSim-Altera Error: # ** Error: de10_vga_ball.vho(41592): (vcom-1484) Unknown formal identifier "dqs_delay_chain_bypass".
ModelSim-Altera Error: # ** Error: de10_vga_ball.vho(41593): (vcom-1484) Unknown formal identifier "dqs_delay_chain_test_mode".
ModelSim-Altera Error: # ** Error: de10_vga_ball.vho(41602): (vcom-1484) Unknown formal identifier "dqsdisablen".
ModelSim-Altera Info: # ** Error (suppressible): de10_vga_ball.vho(41702): (vcom-1141) Identifier "cyclonev_vfifo" does not identify a component declaration.
ModelSim-Altera Error: # ** Error: de10_vga_ball.vho(41732): (vcom-1484) Unknown formal identifier "delay_dqs_enable".
ModelSim-Altera Error: # ** Error: de10_vga_ball.vho(41732): (vcom-1484) Unknown formal identifier "delay_dqs_enable".
ModelSim-Altera Error: # ** Error: de10_vga_ball.vho(41774): (vcom-1484) Unknown formal identifier "dqs_delay_chain_bypass".
ModelSim-Altera Error: # ** Error: de10_vga_ball.vho(41775): (vcom-1484) Unknown formal identifier "dqs_delay_chain_test_mode".
ModelSim-Altera Error: # ** Error: de10_vga_ball.vho(41774): (vcom-1484) Unknown formal identifier "dqs_delay_chain_bypass".
ModelSim-Altera Error: # ** Error: de10_vga_ball.vho(41775): (vcom-1484) Unknown formal identifier "dqs_delay_chain_test_mode".
ModelSim-Altera Error: # ** Error: de10_vga_ball.vho(41784): (vcom-1484) Unknown formal identifier "dqsdisablen".
ModelSim-Altera Info: # ** Error (suppressible): de10_vga_ball.vho(41884): (vcom-1141) Identifier "cyclonev_vfifo" does not identify a component declaration.
ModelSim-Altera Error: # ** Error: de10_vga_ball.vho(41914): (vcom-1484) Unknown formal identifier "delay_dqs_enable".
ModelSim-Altera Error: # ** Error: de10_vga_ball.vho(41914): (vcom-1484) Unknown formal identifier "delay_dqs_enable".
ModelSim-Altera Error: # ** Error: de10_vga_ball.vho(41956): (vcom-1484) Unknown formal identifier "dqs_delay_chain_bypass".
ModelSim-Altera Error: # ** Error: de10_vga_ball.vho(41957): (vcom-1484) Unknown formal identifier "dqs_delay_chain_test_mode".
ModelSim-Altera Error: # ** Error: de10_vga_ball.vho(41956): (vcom-1484) Unknown formal identifier "dqs_delay_chain_bypass".
ModelSim-Altera Error: # ** Error: de10_vga_ball.vho(41957): (vcom-1484) Unknown formal identifier "dqs_delay_chain_test_mode".
ModelSim-Altera Error: # ** Error: de10_vga_ball.vho(41966): (vcom-1484) Unknown formal identifier "dqsdisablen".
ModelSim-Altera Info: # ** Error (suppressible): de10_vga_ball.vho(42066): (vcom-1141) Identifier "cyclonev_vfifo" does not identify a component declaration.
ModelSim-Altera Error: # ** Error: de10_vga_ball.vho(42096): (vcom-1484) Unknown formal identifier "delay_dqs_enable".
ModelSim-Altera Error: # ** Error: de10_vga_ball.vho(42096): (vcom-1484) Unknown formal identifier "delay_dqs_enable".
ModelSim-Altera Error: # ** Error: de10_vga_ball.vho(42138): (vcom-1484) Unknown formal identifier "dqs_delay_chain_bypass".
ModelSim-Altera Error: # ** Error: de10_vga_ball.vho(42139): (vcom-1484) Unknown formal identifier "dqs_delay_chain_test_mode".
ModelSim-Altera Error: # ** Error: de10_vga_ball.vho(42138): (vcom-1484) Unknown formal identifier "dqs_delay_chain_bypass".
ModelSim-Altera Error: # ** Error: de10_vga_ball.vho(42139): (vcom-1484) Unknown formal identifier "dqs_delay_chain_test_mode".
ModelSim-Altera Error: # ** Error: de10_vga_ball.vho(42148): (vcom-1484) Unknown formal identifier "dqsdisablen".
ModelSim-Altera Error: # ** Error: de10_vga_ball.vho(42319): (vcom-1484) Unknown formal identifier "clkusrdftout".
ModelSim-Altera Info: # ** Error (suppressible): de10_vga_ball.vho(47738): (vcom-1141) Identifier "cyclonev_hps_peripheral_emac" does not identify a component declaration.
ModelSim-Altera Info: # ** Error (suppressible): de10_vga_ball.vho(47811): (vcom-1141) Identifier "cyclonev_hps_peripheral_sdmmc" does not identify a component declaration.
ModelSim-Altera Info: # ** Error (suppressible): de10_vga_ball.vho(47948): (vcom-1141) Identifier "cyclonev_hps_peripheral_usb" does not identify a component declaration.
ModelSim-Altera Info: # ** Error (suppressible): de10_vga_ball.vho(47974): (vcom-1141) Identifier "cyclonev_hps_peripheral_gpio" does not identify a component declaration.
ModelSim-Altera Info: # ** Error (suppressible): de10_vga_ball.vho(48039): (vcom-1141) Identifier "cyclonev_hps_interface_clocks_resets" does not identify a component declaration.
ModelSim-Altera Info: # ** Error (suppressible): de10_vga_ball.vho(53540): (vcom-1141) Identifier "cyclonev_hps_interface_hps2fpga_light_weight" does not identify a component declaration.
ModelSim-Altera Info: # ** Error (suppressible): de10_vga_ball.vho(137203): (vcom-1141) Identifier "cyclonev_hps_peripheral_uart" does not identify a component declaration.
ModelSim-Altera Info: # ** Error (suppressible): de10_vga_ball.vho(200973): (vcom-1141) Identifier "cyclonev_hps_interface_dbg_apb" does not identify a component declaration.
ModelSim-Altera Info: # ** Error (suppressible): de10_vga_ball.vho(200984): (vcom-1141) Identifier "cyclonev_hps_interface_tpiu_trace" does not identify a component declaration.
ModelSim-Altera Info: # ** Error (suppressible): de10_vga_ball.vho(200990): (vcom-1141) Identifier "cyclonev_hps_interface_boot_from_fpga" does not identify a component declaration.
ModelSim-Altera Info: # ** Error (suppressible): de10_vga_ball.vho(201001): (vcom-1141) Identifier "cyclonev_hps_interface_fpga2hps" does not identify a component declaration.
ModelSim-Altera Info: # ** Error (suppressible): de10_vga_ball.vho(201011): (vcom-1141) Identifier "cyclonev_hps_interface_hps2fpga" does not identify a component declaration.
ModelSim-Altera Info: # ** Error (suppressible): de10_vga_ball.vho(201021): (vcom-1141) Identifier "cyclonev_hps_interface_fpga2sdram" does not identify a component declaration.
ModelSim-Altera Error: # ** Error: de10_vga_ball.vho(201594): VHDL Compiler exiting
ModelSim-Altera Info: # End time: 12:23:16 on Apr 10,2022, Elapsed time: 0:00:01
ModelSim-Altera Info: # Errors: 91, Warnings: 0
ModelSim-Altera Error: # ** Error: C:/intelFPGA/18.1/modelsim_ase/win32aloem/vcom failed.
ModelSim-Altera Info: # Error in macro ./de10_vga_ball_run_msim_gate_vhdl.do line 8
ModelSim-Altera Info: # C:/intelFPGA/18.1/modelsim_ase/win32aloem/vcom failed.
ModelSim-Altera Info: #     while executing
ModelSim-Altera Info: # "vcom -93 -work work {de10_vga_ball.vho}"
Error: Errors encountered while running modelsim do file
Error: NativeLink simulation flow was NOT successful



================The following additional information is provided to help identify the cause of error while running nativelink scripts=================
Nativelink TCL script failed with errorCode:  1
Nativelink TCL script failed with errorInfo:  1
    (procedure "launch_sim" line 1)
    invoked from within
"launch_sim launch_args_hash"
    ("eval" body line 1)
    invoked from within
"eval launch_sim launch_args_hash"
    invoked from within
"if [ info exists ::errorCode ] {
                set savedCode $::errorCode
                set savedInfo $::errorInfo
                error $result $..."
    invoked from within
"if [catch {eval launch_sim launch_args_hash} result ] {
            set status 1
            if [ info exists ::errorCode ] {
                set save..."
    (procedure "run_sim" line 74)
    invoked from within
"run_sim run_sim_args_hash"
    invoked from within
"if [ info exists ::errorCode ] {
            set savedCode $::errorCode
            set savedInfo $::errorInfo
            error "$result" $savedInfo ..."
    (procedure "run_eda_simulation_tool" line 334)
    invoked from within
"run_eda_simulation_tool eda_opts_hash"
